Using pre-set license
Built from '2021.3/staging' branch; Version is '2021.3.16f1 (4016570cf34f) revision 4200023'; Using compiler version '192829333'; Build Type 'Release'
OS: 'Windows 11  (10.0.23403) 64bit Core' Language: 'en' Physical Memory: 32702 MB
BatchMode: 1, IsHumanControllingUs: 0, StartBugReporterOnCrash: 0, Is64bit: 1, IsPro: 1

COMMAND LINE ARGUMENTS:
C:\Program Files\Unity\Hub\Editor\2021.3.16f1\Editor\Unity.exe
-adb2
-batchMode
-noUpm
-name
AssetImportWorker0
-projectPath
D:/GitHub/portal_locomotion
-logFile
Logs/AssetImportWorker0.log
-srvPort
54720
Successfully changed project path to: D:/GitHub/portal_locomotion
D:/GitHub/portal_locomotion
[UnityMemory] Configuration Parameters - Can be set up in boot.config
    "memorysetup-bucket-allocator-granularity=16"
    "memorysetup-bucket-allocator-bucket-count=8"
    "memorysetup-bucket-allocator-block-size=33554432"
    "memorysetup-bucket-allocator-block-count=8"
    "memorysetup-main-allocator-block-size=16777216"
    "memorysetup-thread-allocator-block-size=16777216"
    "memorysetup-gfx-main-allocator-block-size=16777216"
    "memorysetup-gfx-thread-allocator-block-size=16777216"
    "memorysetup-cache-allocator-block-size=4194304"
    "memorysetup-typetree-allocator-block-size=2097152"
    "memorysetup-profiler-bucket-allocator-granularity=16"
    "memorysetup-profiler-bucket-allocator-bucket-count=8"
    "memorysetup-profiler-bucket-allocator-block-size=33554432"
    "memorysetup-profiler-bucket-allocator-block-count=8"
    "memorysetup-profiler-allocator-block-size=16777216"
    "memorysetup-profiler-editor-allocator-block-size=1048576"
    "memorysetup-temp-allocator-size-main=16777216"
    "memorysetup-job-temp-allocator-block-size=2097152"
    "memorysetup-job-temp-allocator-block-size-background=1048576"
    "memorysetup-job-temp-allocator-reduction-small-platforms=262144"
    "memorysetup-temp-allocator-size-background-worker=32768"
    "memorysetup-temp-allocator-size-job-worker=262144"
    "memorysetup-temp-allocator-size-preload-manager=33554432"
    "memorysetup-temp-allocator-size-nav-mesh-worker=65536"
    "memorysetup-temp-allocator-size-audio-worker=65536"
    "memorysetup-temp-allocator-size-cloud-worker=32768"
    "memorysetup-temp-allocator-size-gi-baking-worker=262144"
    "memorysetup-temp-allocator-size-gfx=262144"
Player connection [21384] Host "[IP] 192.168.1.231 [Port] 0 [Flags] 2 [Guid] 52251714 [EditorId] 52251714 [Version] 1048832 [Id] WindowsEditor(7,CITADEL) [Debug] 1 [PackageName] WindowsEditor [ProjectName] Editor" joined multi-casting on [225.0.0.222:54997]...

Player connection [21384] Host "[IP] 192.168.1.231 [Port] 0 [Flags] 2 [Guid] 52251714 [EditorId] 52251714 [Version] 1048832 [Id] WindowsEditor(7,CITADEL) [Debug] 1 [PackageName] WindowsEditor [ProjectName] Editor" joined alternative multi-casting on [225.0.0.222:34997]...

Refreshing native plugins compatible for Editor in 118.79 ms, found 13 plugins.
Preloading 1 native plugins for Editor in 0.55 ms.
Initialize engine version: 2021.3.16f1 (4016570cf34f)
[Subsystems] Discovering subsystems at path C:/Program Files/Unity/Hub/Editor/2021.3.16f1/Editor/Data/Resources/UnitySubsystems
[Subsystems] Discovering subsystems at path D:/GitHub/portal_locomotion/Assets
GfxDevice: creating device client; threaded=0; jobified=0
Direct3D:
    Version:  Direct3D 11.0 [level 11.1]
    Renderer: NVIDIA GeForce RTX 3070 (ID=0x2484)
    Vendor:   NVIDIA
    VRAM:     8043 MB
    Driver:   31.0.15.2225
Initialize mono
Mono path[0] = 'C:/Program Files/Unity/Hub/Editor/2021.3.16f1/Editor/Data/Managed'
Mono path[1] = 'C:/Program Files/Unity/Hub/Editor/2021.3.16f1/Editor/Data/MonoBleedingEdge/lib/mono/unityjit-win32'
Mono config path = 'C:/Program Files/Unity/Hub/Editor/2021.3.16f1/Editor/Data/MonoBleedingEdge/etc'
Using monoOptions --debugger-agent=transport=dt_socket,embedding=1,server=y,suspend=n,address=127.0.0.1:56984
Begin MonoManager ReloadAssembly
Registering precompiled unity dll's ...
Register platform support module: C:/Program Files/Unity/Hub/Editor/2021.3.16f1/Editor/Data/PlaybackEngines/WebGLSupport/UnityEditor.WebGL.Extensions.dll
Register platform support module: C:/Program Files/Unity/Hub/Editor/2021.3.16f1/Editor/Data/PlaybackEngines/MacStandaloneSupport/UnityEditor.OSXStandalone.Extensions.dll
Register platform support module: C:/Program Files/Unity/Hub/Editor/2021.3.16f1/Editor/Data/PlaybackEngines/AndroidPlayer/UnityEditor.Android.Extensions.dll
Register platform support module: C:/Program Files/Unity/Hub/Editor/2021.3.16f1/Editor/Data/PlaybackEngines/iOSSupport/UnityEditor.iOS.Extensions.dll
Register platform support module: C:/Program Files/Unity/Hub/Editor/2021.3.16f1/Editor/Data/PlaybackEngines/WindowsStandaloneSupport/UnityEditor.WindowsStandalone.Extensions.dll
Register platform support module: C:/Program Files/Unity/Hub/Editor/2021.3.16f1/Editor/Data/PlaybackEngines/MetroSupport/UnityEditor.UWP.Extensions.dll
Registered in 0.012203 seconds.
Native extension for UWP target not found
Native extension for WindowsStandalone target not found
[usbmuxd] Start listen thread
[usbmuxd] Listen thread started
Native extension for iOS target not found
Native extension for Android target not found
Native extension for OSXStandalone target not found
Native extension for WebGL target not found
Refreshing native plugins compatible for Editor in 116.89 ms, found 13 plugins.
Preloading 1 native plugins for Editor in 0.28 ms.
Mono: successfully reloaded assembly
- Completed reload, in  0.736 seconds
Domain Reload Profiling:
	ReloadAssembly (737ms)
		BeginReloadAssembly (76ms)
			ExecutionOrderSort (0ms)
			DisableScriptedObjects (0ms)
			BackupInstance (0ms)
			ReleaseScriptingObjects (0ms)
			CreateAndSetChildDomain (1ms)
		EndReloadAssembly (546ms)
			LoadAssemblies (74ms)
			RebuildTransferFunctionScriptingTraits (0ms)
			SetupTypeCache (114ms)
			ReleaseScriptCaches (0ms)
			RebuildScriptCaches (27ms)
			SetupLoadedEditorAssemblies (346ms)
				LogAssemblyErrors (0ms)
				InitializePlatformSupportModulesInManaged (81ms)
				SetLoadedEditorAssemblies (0ms)
				RefreshPlugins (117ms)
				BeforeProcessingInitializeOnLoad (1ms)
				ProcessInitializeOnLoadAttributes (94ms)
				ProcessInitializeOnLoadMethodAttributes (52ms)
				AfterProcessingInitializeOnLoad (0ms)
				EditorAssembliesLoaded (0ms)
			ExecutionOrderSort2 (0ms)
			AwakeInstancesAfterBackupRestoration (0ms)
Platform modules already initialized, skipping
Registering precompiled user dll's ...
Registered in 0.014585 seconds.
Begin MonoManager ReloadAssembly
Symbol file LoadedFromMemory doesn't match image D:\GitHub\portal_locomotion\Library\PackageCache\com.unity.visualscripting@1.7.8\Editor\VisualScripting.Core\Dependencies\DotNetZip\Unity.VisualScripting.IonicZip.dll
Symbol file LoadedFromMemory doesn't match image D:\GitHub\portal_locomotion\Library\PackageCache\com.unity.visualscripting@1.7.8\Editor\VisualScripting.Core\Dependencies\YamlDotNet\Unity.VisualScripting.YamlDotNet.dll
Native extension for UWP target not found
Native extension for WindowsStandalone target not found
Native extension for iOS target not found
Native extension for Android target not found
Native extension for OSXStandalone target not found
Native extension for WebGL target not found
Refreshing native plugins compatible for Editor in 97.96 ms, found 13 plugins.
Preloading 1 native plugins for Editor in 0.04 ms.
Package Manager log level set to [2]
System.Reflection.TargetInvocationException: Exception has been thrown by the target of an invocation. ---> System.NullReferenceException: Object reference not set to an instance of an object
  at Unity.XR.Oculus.OculusLoader.AssetPathToAbsolutePath (System.String assetPath) [0x0003d] in D:\GitHub\portal_locomotion\Library\PackageCache\com.unity.xr.oculus@3.2.2\Runtime\OculusLoader.cs:296 
  at Unity.XR.Oculus.OculusLoader.EditorLoadOVRPlugin () [0x0007b] in D:\GitHub\portal_locomotion\Library\PackageCache\com.unity.xr.oculus@3.2.2\Runtime\OculusLoader.cs:281 
  at (wrapper managed-to-native) System.Reflection.RuntimeMethodInfo.InternalInvoke(System.Reflection.RuntimeMethodInfo,object,object[],System.Exception&)
  at System.Reflection.RuntimeMethodInfo.Invoke (System.Object obj, System.Reflection.BindingFlags invokeAttr, System.Reflection.Binder binder, System.Object[] parameters, System.Globalization.CultureInfo culture) [0x0006a] in <75633565436c42f0a6426b33f0132ade>:0 
   --- End of inner exception stack trace ---
  at System.Reflection.RuntimeMethodInfo.Invoke (System.Object obj, System.Reflection.BindingFlags invokeAttr, System.Reflection.Binder binder, System.Object[] parameters, System.Globalization.CultureInfo culture) [0x00083] in <75633565436c42f0a6426b33f0132ade>:0 
  at System.Reflection.MethodBase.Invoke (System.Object obj, System.Object[] parameters) [0x00000] in <75633565436c42f0a6426b33f0132ade>:0 
  at UnityEditor.EditorAssemblies.ProcessInitializeOnLoadMethodAttributes () [0x000a5] in <11d97693183d4a6bb35c29ae7882c66b>:0 
UnityEngine.StackTraceUtility:ExtractStackTrace ()
UnityEngine.DebugLogHandler:LogFormat (UnityEngine.LogType,UnityEngine.Object,string,object[])
UnityEngine.Logger:Log (UnityEngine.LogType,object)
UnityEngine.Debug:LogError (object)
UnityEditor.EditorAssemblies:ProcessInitializeOnLoadMethodAttributes ()

Mono: successfully reloaded assembly
- Completed reload, in  1.863 seconds
Domain Reload Profiling:
	ReloadAssembly (1864ms)
		BeginReloadAssembly (225ms)
			ExecutionOrderSort (0ms)
			DisableScriptedObjects (8ms)
			BackupInstance (0ms)
			ReleaseScriptingObjects (0ms)
			CreateAndSetChildDomain (132ms)
		EndReloadAssembly (1528ms)
			LoadAssemblies (141ms)
			RebuildTransferFunctionScriptingTraits (0ms)
			SetupTypeCache (493ms)
			ReleaseScriptCaches (1ms)
			RebuildScriptCaches (78ms)
			SetupLoadedEditorAssemblies (753ms)
				LogAssemblyErrors (0ms)
				InitializePlatformSupportModulesInManaged (36ms)
				SetLoadedEditorAssemblies (0ms)
				RefreshPlugins (98ms)
				BeforeProcessingInitializeOnLoad (134ms)
				ProcessInitializeOnLoadAttributes (399ms)
				ProcessInitializeOnLoadMethodAttributes (76ms)
				AfterProcessingInitializeOnLoad (10ms)
				EditorAssembliesLoaded (0ms)
			ExecutionOrderSort2 (0ms)
			AwakeInstancesAfterBackupRestoration (12ms)
Platform modules already initialized, skipping
========================================================================
Worker process is ready to serve import requests
Launched and connected shader compiler UnityShaderCompiler.exe after 0.08 seconds
Refreshing native plugins compatible for Editor in 2.07 ms, found 13 plugins.
Preloading 1 native plugins for Editor in 0.08 ms.
Unloading 5775 Unused Serialized files (Serialized files now loaded: 0)
Unloading 59 unused Assets / (345.4 KB). Loaded Objects now: 6213.
Memory consumption went from 215.0 MB to 214.7 MB.
Total: 4.775600 ms (FindLiveObjects: 0.479700 ms CreateObjectMapping: 0.432100 ms MarkObjects: 3.708400 ms  DeleteObjects: 0.154500 ms)

AssetImportParameters requested are different than current active one (requested -> active):
  custom:video-decoder-ogg-theora: a1e56fd34408186e4bbccfd4996cb3dc -> 
  custom:container-muxer-webm: aa71ff27fc2769a1b78a27578f13a17b -> 
  custom:container-demuxer-webm: 4f35f7cbe854078d1ac9338744f61a02 -> 
  custom:video-encoder-webm-vp8: eb34c28f22e8b96e1ab97ce403110664 -> 
  custom:video-codec-MediaFoundation-h265: e54d7ab0439102e2317fc1e4b246158d -> 
  custom:audio-encoder-webm-vorbis: bf7c407c2cedff20999df2af8eb42d56 -> 
  custom:framework-win-MediaFoundation: 216162199b28c13a410421893ffa2e32 -> 
  custom:container-demuxer-ogg: 62fdf1f143b41e24485cea50d1cbac27 -> 
  custom:video-decoder-webm-vp8: 9c59270c3fd7afecdb556c50c9e8de78 -> 
  custom:audio-decoder-ogg-vorbis: bf7c407c2cedff20999df2af8eb42d56 -> 
========================================================================
Received Import Request.
  Time since last request: 109370.304682 seconds.
  path: Assets/Fantasy Forest Environment Free Sample/Materials/bark01_bottom.mat
  artifactKey: Guid(7e56b6e37c078ed47b6d0e9d9249ea9f) Importer(815301076,1909f56bfc062723c751e8b465ee728b)
Start importing Assets/Fantasy Forest Environment Free Sample/Materials/bark01_bottom.mat using Guid(7e56b6e37c078ed47b6d0e9d9249ea9f) Importer(815301076,1909f56bfc062723c751e8b465ee728b)  -> (artifact id: '1794824ce42890a2614e1b05d3ca69ed') in 0.533831 seconds 
========================================================================
Received Import Request.
  Time since last request: 0.000018 seconds.
  path: Packages/com.unity.searcher/Editor/Resources/FlatSkin/Font/Roboto-LightItalic.ttf
  artifactKey: Guid(5e63515167650a541b309ba3bfd4db3d) Importer(815301076,1909f56bfc062723c751e8b465ee728b)
Start importing Packages/com.unity.searcher/Editor/Resources/FlatSkin/Font/Roboto-LightItalic.ttf using Guid(5e63515167650a541b309ba3bfd4db3d) Importer(815301076,1909f56bfc062723c751e8b465ee728b)  -> (artifact id: '71236c97e6dffeb21ab94ea801afc476') in 0.067066 seconds 
========================================================================
Received Import Request.
  Time since last request: 0.000040 seconds.
  path: Assets/Materials/Portal_02/Stencil_02_Diffuse.mat
  artifactKey: Guid(fa69cb751dc1b174e87648e895025973) Importer(815301076,1909f56bfc062723c751e8b465ee728b)
Start importing Assets/Materials/Portal_02/Stencil_02_Diffuse.mat using Guid(fa69cb751dc1b174e87648e895025973) Importer(815301076,1909f56bfc062723c751e8b465ee728b)  -> (artifact id: '3c8d76607c5b5598fa4ab5f9ac078bb7') in 0.044394 seconds 
========================================================================
Received Import Request.
  Time since last request: 0.000029 seconds.
  path: Assets/Materials/Portal_02/Stencil_02_NormalSpecLerpz.mat
  artifactKey: Guid(f6a5f4a5337326948b0d6ec211be12ea) Importer(815301076,1909f56bfc062723c751e8b465ee728b)
Start importing Assets/Materials/Portal_02/Stencil_02_NormalSpecLerpz.mat using Guid(f6a5f4a5337326948b0d6ec211be12ea) Importer(815301076,1909f56bfc062723c751e8b465ee728b)  -> (artifact id: 'bb529b9b1acf862c85708cc3b78f7e79') in 0.206638 seconds 
========================================================================
Received Import Request.
  Time since last request: 0.000030 seconds.
  path: Assets/Materials/StencilMasks/StencilMask_04.mat
  artifactKey: Guid(cd543e50100008e43b9602ded9803b54) Importer(815301076,1909f56bfc062723c751e8b465ee728b)
Start importing Assets/Materials/StencilMasks/StencilMask_04.mat using Guid(cd543e50100008e43b9602ded9803b54) Importer(815301076,1909f56bfc062723c751e8b465ee728b)  -> (artifact id: '832dab9d5fe1b804e38981ade625e71b') in 0.036067 seconds 
========================================================================
Received Import Request.
  Time since last request: 0.000050 seconds.
  path: Packages/com.unity.searcher/Editor/Resources/FlatSkin/Font/Roboto-MediumItalic.ttf
  artifactKey: Guid(d93c1bc57fdf1ac4dad1bf04fac05464) Importer(815301076,1909f56bfc062723c751e8b465ee728b)
Start importing Packages/com.unity.searcher/Editor/Resources/FlatSkin/Font/Roboto-MediumItalic.ttf using Guid(d93c1bc57fdf1ac4dad1bf04fac05464) Importer(815301076,1909f56bfc062723c751e8b465ee728b)  -> (artifact id: 'c644fec4b5e2f6e8b5f5f6b96406438e') in 0.027464 seconds 
========================================================================
Received Import Request.
  Time since last request: 0.000022 seconds.
  path: Assets/Materials/Portal_01/Stencil_01_Diffuse.mat
  artifactKey: Guid(f0ceafea3db20e04892526b23e11536b) Importer(815301076,1909f56bfc062723c751e8b465ee728b)
Start importing Assets/Materials/Portal_01/Stencil_01_Diffuse.mat using Guid(f0ceafea3db20e04892526b23e11536b) Importer(815301076,1909f56bfc062723c751e8b465ee728b)  -> (artifact id: '4a1e5b05d8b4e1498205d0b389350e72') in 0.011854 seconds 
========================================================================
Received Import Request.
  Time since last request: 0.000031 seconds.
  path: Assets/Fantasy Forest Environment Free Sample/Materials/dirt01.mat
  artifactKey: Guid(02f626fd2f11216458890862c5864d34) Importer(815301076,1909f56bfc062723c751e8b465ee728b)
Start importing Assets/Fantasy Forest Environment Free Sample/Materials/dirt01.mat using Guid(02f626fd2f11216458890862c5864d34) Importer(815301076,1909f56bfc062723c751e8b465ee728b)  -> (artifact id: '371faf30428c04bb873e042206cad187') in 0.126697 seconds 
========================================================================
Received Import Request.
  Time since last request: 0.000020 seconds.
  path: Assets/Materials/Portal_MPB_Versions/Stencil_Stone_Purple.mat
  artifactKey: Guid(03168b9826a0ab94fb20acfb54ea3a1c) Importer(815301076,1909f56bfc062723c751e8b465ee728b)
Start importing Assets/Materials/Portal_MPB_Versions/Stencil_Stone_Purple.mat using Guid(03168b9826a0ab94fb20acfb54ea3a1c) Importer(815301076,1909f56bfc062723c751e8b465ee728b)  -> (artifact id: '6048c1dc91430aed80de4b9cdfa2c6ad') in 0.016507 seconds 
========================================================================
Received Import Request.
  Time since last request: 0.000023 seconds.
  path: Assets/Fantasy Forest Environment Free Sample/Materials/tree_branches.mat
  artifactKey: Guid(16a185093c7e02d40a49265c23c74417) Importer(815301076,1909f56bfc062723c751e8b465ee728b)
Start importing Assets/Fantasy Forest Environment Free Sample/Materials/tree_branches.mat using Guid(16a185093c7e02d40a49265c23c74417) Importer(815301076,1909f56bfc062723c751e8b465ee728b)  -> (artifact id: 'de0de301a567d7c07535af641958f883') in 0.230364 seconds 
========================================================================
Received Import Request.
  Time since last request: 0.000030 seconds.
  path: Assets/Materials/StencilMasks/StencilMask_01.mat
  artifactKey: Guid(943412e2a4acf0949819bc947859b435) Importer(815301076,1909f56bfc062723c751e8b465ee728b)
Start importing Assets/Materials/StencilMasks/StencilMask_01.mat using Guid(943412e2a4acf0949819bc947859b435) Importer(815301076,1909f56bfc062723c751e8b465ee728b)  -> (artifact id: '32d16a9051e428c6f6b03559eab67b37') in 0.013787 seconds 
========================================================================
Received Import Request.
  Time since last request: 0.000024 seconds.
  path: Assets/Models/shadowbox.fbx
  artifactKey: Guid(aee70a34fc1ca5c498040df20eec19fe) Importer(815301076,1909f56bfc062723c751e8b465ee728b)
Start importing Assets/Models/shadowbox.fbx using Guid(aee70a34fc1ca5c498040df20eec19fe) Importer(815301076,1909f56bfc062723c751e8b465ee728b)  -> (artifact id: '564532a0a7d9b52b92eb0d9c64b08e4e') in 0.347725 seconds 
========================================================================
Received Import Request.
  Time since last request: 0.000031 seconds.
  path: Assets/Materials/Portal_MPB_Versions/Stencil_Balls.mat
  artifactKey: Guid(c21ff6d0a81539f4caa1e10e466478a2) Importer(815301076,1909f56bfc062723c751e8b465ee728b)
Start importing Assets/Materials/Portal_MPB_Versions/Stencil_Balls.mat using Guid(c21ff6d0a81539f4caa1e10e466478a2) Importer(815301076,1909f56bfc062723c751e8b465ee728b)  -> (artifact id: '28ecafd0c0a4a4752558579d575dfc4e') in 0.012915 seconds 
========================================================================
Received Import Request.
  Time since last request: 0.000053 seconds.
  path: Assets/Materials/Portal_03/Stencil_03_DiffuseTransparent.mat
  artifactKey: Guid(19d745cb4b3019448b1071f012557164) Importer(815301076,1909f56bfc062723c751e8b465ee728b)
Start importing Assets/Materials/Portal_03/Stencil_03_DiffuseTransparent.mat using Guid(19d745cb4b3019448b1071f012557164) Importer(815301076,1909f56bfc062723c751e8b465ee728b)  -> (artifact id: 'd259fbaa460dea7682a24023a8b1f694') in 0.098979 seconds 
========================================================================
Received Import Request.
  Time since last request: 0.000019 seconds.
  path: Assets/Materials/Portal_03/Stencil_03_Diffuse.mat
  artifactKey: Guid(74b4d6b537bfa7047b0ab14f652fd341) Importer(815301076,1909f56bfc062723c751e8b465ee728b)
Start importing Assets/Materials/Portal_03/Stencil_03_Diffuse.mat using Guid(74b4d6b537bfa7047b0ab14f652fd341) Importer(815301076,1909f56bfc062723c751e8b465ee728b)  -> (artifact id: '8ba709df9252d46a9dc9ac5ab4768de6') in 0.096487 seconds 
========================================================================
Received Import Request.
  Time since last request: 0.000033 seconds.
  path: Assets/Materials/StencilMasks/StencilMask_03.mat
  artifactKey: Guid(f80bfa1477c8da74e85b3082bf148c6f) Importer(815301076,1909f56bfc062723c751e8b465ee728b)
Start importing Assets/Materials/StencilMasks/StencilMask_03.mat using Guid(f80bfa1477c8da74e85b3082bf148c6f) Importer(815301076,1909f56bfc062723c751e8b465ee728b)  -> (artifact id: '636c1e60de00d70012fcb4511a497f2d') in 0.012798 seconds 
========================================================================
Received Import Request.
  Time since last request: 0.000021 seconds.
  path: Assets/Materials/Portal_03/Stencil_03_NormalSpecRobotArm.mat
  artifactKey: Guid(8fe4da39b35503c42b1e474d5517502c) Importer(815301076,1909f56bfc062723c751e8b465ee728b)
Start importing Assets/Materials/Portal_03/Stencil_03_NormalSpecRobotArm.mat using Guid(8fe4da39b35503c42b1e474d5517502c) Importer(815301076,1909f56bfc062723c751e8b465ee728b)  -> (artifact id: 'af36b2c91b0e31b2dbea05ebf7a4d09f') in 0.012050 seconds 
========================================================================
Received Import Request.
  Time since last request: 0.000032 seconds.
  path: Assets/Materials/Portal_04/Stencil_04_DiffuseTransparent.mat
  artifactKey: Guid(2fc9791d17cf0a24a936bb59d2f74f6f) Importer(815301076,1909f56bfc062723c751e8b465ee728b)
Start importing Assets/Materials/Portal_04/Stencil_04_DiffuseTransparent.mat using Guid(2fc9791d17cf0a24a936bb59d2f74f6f) Importer(815301076,1909f56bfc062723c751e8b465ee728b)  -> (artifact id: '9b4e64d2e94a49f9ac9afd8359cc48b2') in 0.010958 seconds 
========================================================================
Received Import Request.
  Time since last request: 0.000020 seconds.
  path: Assets/Materials/Portal_MPB_Versions/Stencil_Cloth_Checkboard.mat
  artifactKey: Guid(c72b8a5ce766a9c428262f464bfaa9da) Importer(815301076,1909f56bfc062723c751e8b465ee728b)
Start importing Assets/Materials/Portal_MPB_Versions/Stencil_Cloth_Checkboard.mat using Guid(c72b8a5ce766a9c428262f464bfaa9da) Importer(815301076,1909f56bfc062723c751e8b465ee728b)  -> (artifact id: '492f481b18a5faf69cbc008bc97632f3') in 0.016557 seconds 
========================================================================
Received Import Request.
  Time since last request: 0.000027 seconds.
  path: Assets/Materials/Portal_MPB_Versions/Stencil_RobotArm.mat
  artifactKey: Guid(1e81526475ed77b4b9d15c317b2ce88c) Importer(815301076,1909f56bfc062723c751e8b465ee728b)
Start importing Assets/Materials/Portal_MPB_Versions/Stencil_RobotArm.mat using Guid(1e81526475ed77b4b9d15c317b2ce88c) Importer(815301076,1909f56bfc062723c751e8b465ee728b)  -> (artifact id: 'b0a0905be469f3743ce236e76b226cc4') in 0.011476 seconds 
========================================================================
Received Import Request.
  Time since last request: 0.000018 seconds.
  path: Packages/com.unity.render-pipelines.core/Runtime/Debugging/Prefabs/Fonts/PerfectDOSVGA437.ttf
  artifactKey: Guid(74a5091d8707f334b9a5c31ef71a64ba) Importer(815301076,1909f56bfc062723c751e8b465ee728b)
Start importing Packages/com.unity.render-pipelines.core/Runtime/Debugging/Prefabs/Fonts/PerfectDOSVGA437.ttf using Guid(74a5091d8707f334b9a5c31ef71a64ba) Importer(815301076,1909f56bfc062723c751e8b465ee728b)  -> (artifact id: '2bea30b08c5a181d6b135b0c5040d48a') in 0.017630 seconds 
========================================================================
Received Import Request.
  Time since last request: 0.000033 seconds.
  path: Assets/Materials/Portal_MPB_Versions/Stencil_RobotArmReflect.mat
  artifactKey: Guid(bbba49c797b2cf94c909fcf2bc941ac8) Importer(815301076,1909f56bfc062723c751e8b465ee728b)
Start importing Assets/Materials/Portal_MPB_Versions/Stencil_RobotArmReflect.mat using Guid(bbba49c797b2cf94c909fcf2bc941ac8) Importer(815301076,1909f56bfc062723c751e8b465ee728b)  -> (artifact id: 'aafae7145c753f69cbfb21b96ad3bedc') in 0.174003 seconds 
========================================================================
Received Import Request.
  Time since last request: 0.000033 seconds.
  path: Assets/Materials/Portal_01/Stencil_01_NormalSpec.mat
  artifactKey: Guid(72b311d2b87b4db4ba17589bdd79880f) Importer(815301076,1909f56bfc062723c751e8b465ee728b)
Start importing Assets/Materials/Portal_01/Stencil_01_NormalSpec.mat using Guid(72b311d2b87b4db4ba17589bdd79880f) Importer(815301076,1909f56bfc062723c751e8b465ee728b)  -> (artifact id: 'f29c55b321ac145b50ba9a6b554bcb08') in 0.013377 seconds 
========================================================================
Received Import Request.
  Time since last request: 0.000036 seconds.
  path: Packages/com.unity.searcher/Editor/Resources/FlatSkin/Font/Roboto-Italic.ttf
  artifactKey: Guid(c839255fc8f6b4b4d90bf8c1af9f9bd1) Importer(815301076,1909f56bfc062723c751e8b465ee728b)
Start importing Packages/com.unity.searcher/Editor/Resources/FlatSkin/Font/Roboto-Italic.ttf using Guid(c839255fc8f6b4b4d90bf8c1af9f9bd1) Importer(815301076,1909f56bfc062723c751e8b465ee728b)  -> (artifact id: '896e96db91f5087c70286a90d4cab994') in 0.015053 seconds 
========================================================================
Received Import Request.
  Time since last request: 0.000022 seconds.
  path: Assets/Materials/Portal_MPB_Versions/Stencil_Peacock.mat
  artifactKey: Guid(e4d2154252b29f24eba786c3204666fa) Importer(815301076,1909f56bfc062723c751e8b465ee728b)
Start importing Assets/Materials/Portal_MPB_Versions/Stencil_Peacock.mat using Guid(e4d2154252b29f24eba786c3204666fa) Importer(815301076,1909f56bfc062723c751e8b465ee728b)  -> (artifact id: '00eca9dd6590d59083abd8399c4770bc') in 0.012028 seconds 
========================================================================
Received Import Request.
  Time since last request: 0.000021 seconds.
  path: Packages/com.unity.searcher/Editor/Resources/FlatSkin/Font/Roboto-ThinItalic.ttf
  artifactKey: Guid(b2ea3b3f1765e544b9eb5bd1a93a91ce) Importer(815301076,1909f56bfc062723c751e8b465ee728b)
Start importing Packages/com.unity.searcher/Editor/Resources/FlatSkin/Font/Roboto-ThinItalic.ttf using Guid(b2ea3b3f1765e544b9eb5bd1a93a91ce) Importer(815301076,1909f56bfc062723c751e8b465ee728b)  -> (artifact id: '099d86d920b7aed5536ff0e31d8988e7') in 0.019429 seconds 
========================================================================
Received Import Request.
  Time since last request: 0.000028 seconds.
  path: Assets/TextMesh Pro/Fonts/LiberationSans.ttf
  artifactKey: Guid(e3265ab4bf004d28a9537516768c1c75) Importer(815301076,1909f56bfc062723c751e8b465ee728b)
Start importing Assets/TextMesh Pro/Fonts/LiberationSans.ttf using Guid(e3265ab4bf004d28a9537516768c1c75) Importer(815301076,1909f56bfc062723c751e8b465ee728b)  -> (artifact id: 'f3bd036785823e2281556a384dd6489b') in 0.019395 seconds 
========================================================================
Received Import Request.
  Time since last request: 0.000026 seconds.
  path: Assets/Materials/Portal_02/Stencil_02_ReflectNormalSpecRobotArm.mat
  artifactKey: Guid(d23a2d4bdba213049a2a532f8c1abc8c) Importer(815301076,1909f56bfc062723c751e8b465ee728b)
Start importing Assets/Materials/Portal_02/Stencil_02_ReflectNormalSpecRobotArm.mat using Guid(d23a2d4bdba213049a2a532f8c1abc8c) Importer(815301076,1909f56bfc062723c751e8b465ee728b)  -> (artifact id: '3df0af265a2e18635dc5ce89c27a8ba9') in 0.013247 seconds 
========================================================================
Received Import Request.
  Time since last request: 0.000030 seconds.
  path: Assets/Materials/Portal_01/Stencil_01_NormalSpecChecker.mat
  artifactKey: Guid(c8d88d8458457194ea5de4fe28c91246) Importer(815301076,1909f56bfc062723c751e8b465ee728b)
Start importing Assets/Materials/Portal_01/Stencil_01_NormalSpecChecker.mat using Guid(c8d88d8458457194ea5de4fe28c91246) Importer(815301076,1909f56bfc062723c751e8b465ee728b)  -> (artifact id: '4c7fa5dd89d0491dc12f6e9d43757df0') in 0.013574 seconds 
========================================================================
Received Import Request.
  Time since last request: 0.000020 seconds.
  path: Assets/Materials/Portal_03/Stencil_03_ReflectNormalSpecRobotArm.mat
  artifactKey: Guid(7d92f55f51834484eab394e78425f8d5) Importer(815301076,1909f56bfc062723c751e8b465ee728b)
Start importing Assets/Materials/Portal_03/Stencil_03_ReflectNormalSpecRobotArm.mat using Guid(7d92f55f51834484eab394e78425f8d5) Importer(815301076,1909f56bfc062723c751e8b465ee728b)  -> (artifact id: '8dfd935a5b672a8ee3dee9283e29a758') in 0.012113 seconds 
========================================================================
Received Import Request.
  Time since last request: 0.000026 seconds.
  path: Assets/Materials/Portal_01/Stencil_01_Diffuse R.mat
  artifactKey: Guid(ee9103b66ed9b854fb59be5b12a95dc5) Importer(815301076,1909f56bfc062723c751e8b465ee728b)
Start importing Assets/Materials/Portal_01/Stencil_01_Diffuse R.mat using Guid(ee9103b66ed9b854fb59be5b12a95dc5) Importer(815301076,1909f56bfc062723c751e8b465ee728b)  -> (artifact id: '7f25fc126beea1a7df43428a3692ff4b') in 0.011732 seconds 
========================================================================
Received Import Request.
  Time since last request: 0.000023 seconds.
  path: Assets/Models/weird_diamond.obj
  artifactKey: Guid(1895bbbe48e14094f9f4df1a437b7545) Importer(815301076,1909f56bfc062723c751e8b465ee728b)
Start importing Assets/Models/weird_diamond.obj using Guid(1895bbbe48e14094f9f4df1a437b7545) Importer(815301076,1909f56bfc062723c751e8b465ee728b)  -> (artifact id: '0bc2acfbcf6712dbe3592d552dd3f979') in 0.025864 seconds 
========================================================================
Received Import Request.
  Time since last request: 0.000018 seconds.
  path: Assets/Materials/Shadowbox.mat
  artifactKey: Guid(6d929f613003bec4fb75e884351d510c) Importer(815301076,1909f56bfc062723c751e8b465ee728b)
Start importing Assets/Materials/Shadowbox.mat using Guid(6d929f613003bec4fb75e884351d510c) Importer(815301076,1909f56bfc062723c751e8b465ee728b)  -> (artifact id: '253d6c60dffc45bf20167d980fc670db') in 0.017939 seconds 
========================================================================
Received Import Request.
  Time since last request: 0.000032 seconds.
  path: Packages/com.unity.searcher/Editor/Resources/FlatSkin/Font/Roboto-Light.ttf
  artifactKey: Guid(2a29e27936eb547458f646f71125b264) Importer(815301076,1909f56bfc062723c751e8b465ee728b)
Start importing Packages/com.unity.searcher/Editor/Resources/FlatSkin/Font/Roboto-Light.ttf using Guid(2a29e27936eb547458f646f71125b264) Importer(815301076,1909f56bfc062723c751e8b465ee728b)  -> (artifact id: '5a05ababf302d1f4ad94a7a14f385475') in 0.015422 seconds 
========================================================================
Received Import Request.
  Time since last request: 0.000018 seconds.
  path: Assets/Models/ring.obj
  artifactKey: Guid(1569b27ac093f7c409c9dc01e302d19e) Importer(815301076,1909f56bfc062723c751e8b465ee728b)
Start importing Assets/Models/ring.obj using Guid(1569b27ac093f7c409c9dc01e302d19e) Importer(815301076,1909f56bfc062723c751e8b465ee728b)  -> (artifact id: '57965a0a337dc8c72374e9abee67a04b') in 0.024796 seconds 
Editor requested this worker to shutdown with reason: Scaling down because of idle timeout
AssetImportWorker is now disconnected from the server
Process exiting
Exiting without the bug reporter. Application will terminate with return code 0